This is pdfTeX, Version 3.1415926-2.5-1.40.14 (TeX Live 2013) (format=pdflatex 2013.5.30)  30 MAR 2016 23:36
entering extended mode
 restricted \write18 enabled.
 %&-line parsing enabled.
**writeup.tex
(./writeup.tex
LaTeX2e <2011/06/27>
Babel <3.9f> and hyphenation patterns for 78 languages loaded.
(/usr/local/texlive/2013/texmf-dist/tex/latex/base/article.cls
Document Class: article 2007/10/19 v1.4h Standard LaTeX document class
(/usr/local/texlive/2013/texmf-dist/tex/latex/base/size10.clo
File: size10.clo 2007/10/19 v1.4h Standard LaTeX file (size option)
)
\c@part=\count79
\c@section=\count80
\c@subsection=\count81
\c@subsubsection=\count82
\c@paragraph=\count83
\c@subparagraph=\count84
\c@figure=\count85
\c@table=\count86
\abovecaptionskip=\skip41
\belowcaptionskip=\skip42
\bibindent=\dimen102
)
(/usr/local/texlive/2013/texmf-dist/tex/latex/geometry/geometry.sty
Package: geometry 2010/09/12 v5.6 Page Geometry

(/usr/local/texlive/2013/texmf-dist/tex/latex/graphics/keyval.sty
Package: keyval 1999/03/16 v1.13 key=value parser (DPC)
\KV@toks@=\toks14
)
(/usr/local/texlive/2013/texmf-dist/tex/generic/oberdiek/ifpdf.sty
Package: ifpdf 2011/01/30 v2.3 Provides the ifpdf switch (HO)
Package ifpdf Info: pdfTeX in PDF mode is detected.
)
(/usr/local/texlive/2013/texmf-dist/tex/generic/oberdiek/ifvtex.sty
Package: ifvtex 2010/03/01 v1.5 Detect VTeX and its facilities (HO)
Package ifvtex Info: VTeX not detected.
)
(/usr/local/texlive/2013/texmf-dist/tex/generic/ifxetex/ifxetex.sty
Package: ifxetex 2010/09/12 v0.6 Provides ifxetex conditional
)
\Gm@cnth=\count87
\Gm@cntv=\count88
\c@Gm@tempcnt=\count89
\Gm@bindingoffset=\dimen103
\Gm@wd@mp=\dimen104
\Gm@odd@mp=\dimen105
\Gm@even@mp=\dimen106
\Gm@layoutwidth=\dimen107
\Gm@layoutheight=\dimen108
\Gm@layouthoffset=\dimen109
\Gm@layoutvoffset=\dimen110
\Gm@dimlist=\toks15
)
(/usr/local/texlive/2013/texmf-dist/tex/latex/graphics/graphicx.sty
Package: graphicx 1999/02/16 v1.0f Enhanced LaTeX Graphics (DPC,SPQR)

(/usr/local/texlive/2013/texmf-dist/tex/latex/graphics/graphics.sty
Package: graphics 2009/02/05 v1.0o Standard LaTeX Graphics (DPC,SPQR)

(/usr/local/texlive/2013/texmf-dist/tex/latex/graphics/trig.sty
Package: trig 1999/03/16 v1.09 sin cos tan (DPC)
)
(/usr/local/texlive/2013/texmf-dist/tex/latex/latexconfig/graphics.cfg
File: graphics.cfg 2010/04/23 v1.9 graphics configuration of TeX Live
)
Package graphics Info: Driver file: pdftex.def on input line 91.

(/usr/local/texlive/2013/texmf-dist/tex/latex/pdftex-def/pdftex.def
File: pdftex.def 2011/05/27 v0.06d Graphics/color for pdfTeX

(/usr/local/texlive/2013/texmf-dist/tex/generic/oberdiek/infwarerr.sty
Package: infwarerr 2010/04/08 v1.3 Providing info/warning/error messages (HO)
)
(/usr/local/texlive/2013/texmf-dist/tex/generic/oberdiek/ltxcmds.sty
Package: ltxcmds 2011/11/09 v1.22 LaTeX kernel commands for general use (HO)
)
\Gread@gobject=\count90
))
\Gin@req@height=\dimen111
\Gin@req@width=\dimen112
)
(/usr/local/texlive/2013/texmf-dist/tex/latex/float/float.sty
Package: float 2001/11/08 v1.3d Float enhancements (AL)
\c@float@type=\count91
\float@exts=\toks16
\float@box=\box26
\@float@everytoks=\toks17
\@floatcapt=\box27
)
(/usr/local/texlive/2013/texmf-dist/tex/latex/wrapfig/wrapfig.sty
\wrapoverhang=\dimen113
\WF@size=\dimen114
\c@WF@wrappedlines=\count92
\WF@box=\box28
\WF@everypar=\toks18
Package: wrapfig 2003/01/31  v 3.6
)
(/usr/local/texlive/2013/texmf-dist/tex/latex/hyperref/hyperref.sty
Package: hyperref 2012/11/06 v6.83m Hypertext links for LaTeX

(/usr/local/texlive/2013/texmf-dist/tex/generic/oberdiek/hobsub-hyperref.sty
Package: hobsub-hyperref 2012/05/28 v1.13 Bundle oberdiek, subset hyperref (HO)


(/usr/local/texlive/2013/texmf-dist/tex/generic/oberdiek/hobsub-generic.sty
Package: hobsub-generic 2012/05/28 v1.13 Bundle oberdiek, subset generic (HO)
Package: hobsub 2012/05/28 v1.13 Construct package bundles (HO)
Package hobsub Info: Skipping package `infwarerr' (already loaded).
Package hobsub Info: Skipping package `ltxcmds' (already loaded).
Package: ifluatex 2010/03/01 v1.3 Provides the ifluatex switch (HO)
Package ifluatex Info: LuaTeX not detected.
Package hobsub Info: Skipping package `ifvtex' (already loaded).
Package: intcalc 2007/09/27 v1.1 Expandable calculations with integers (HO)
Package hobsub Info: Skipping package `ifpdf' (already loaded).
Package: etexcmds 2011/02/16 v1.5 Avoid name clashes with e-TeX commands (HO)
Package etexcmds Info: Could not find \expanded.
(etexcmds)             That can mean that you are not using pdfTeX 1.50 or
(etexcmds)             that some package has redefined \expanded.
(etexcmds)             In the latter case, load this package earlier.
Package: kvsetkeys 2012/04/25 v1.16 Key value parser (HO)
Package: kvdefinekeys 2011/04/07 v1.3 Define keys (HO)
Package: pdftexcmds 2011/11/29 v0.20 Utility functions of pdfTeX for LuaTeX (HO
)
Package pdftexcmds Info: LuaTeX not detected.
Package pdftexcmds Info: \pdf@primitive is available.
Package pdftexcmds Info: \pdf@ifprimitive is available.
Package pdftexcmds Info: \pdfdraftmode found.
Package: pdfescape 2011/11/25 v1.13 Implements pdfTeX's escape features (HO)
Package: bigintcalc 2012/04/08 v1.3 Expandable calculations on big integers (HO
)
Package: bitset 2011/01/30 v1.1 Handle bit-vector datatype (HO)
Package: uniquecounter 2011/01/30 v1.2 Provide unlimited unique counter (HO)
)
Package hobsub Info: Skipping package `hobsub' (already loaded).
Package: letltxmacro 2010/09/02 v1.4 Let assignment for LaTeX macros (HO)
Package: hopatch 2012/05/28 v1.2 Wrapper for package hooks (HO)
Package: xcolor-patch 2011/01/30 xcolor patch
Package: atveryend 2011/06/30 v1.8 Hooks at the very end of document (HO)
Package atveryend Info: \enddocument detected (standard20110627).
Package: atbegshi 2011/10/05 v1.16 At begin shipout hook (HO)
Package: refcount 2011/10/16 v3.4 Data extraction from label references (HO)
Package: hycolor 2011/01/30 v1.7 Color options for hyperref/bookmark (HO)
)
(/usr/local/texlive/2013/texmf-dist/tex/latex/oberdiek/auxhook.sty
Package: auxhook 2011/03/04 v1.3 Hooks for auxiliary files (HO)
)
(/usr/local/texlive/2013/texmf-dist/tex/latex/oberdiek/kvoptions.sty
Package: kvoptions 2011/06/30 v3.11 Key value format for package options (HO)
)
\@linkdim=\dimen115
\Hy@linkcounter=\count93
\Hy@pagecounter=\count94

(/usr/local/texlive/2013/texmf-dist/tex/latex/hyperref/pd1enc.def
File: pd1enc.def 2012/11/06 v6.83m Hyperref: PDFDocEncoding definition (HO)
)
\Hy@SavedSpaceFactor=\count95

(/usr/local/texlive/2013/texmf-dist/tex/latex/latexconfig/hyperref.cfg
File: hyperref.cfg 2002/06/06 v1.2 hyperref configuration of TeXLive
)
Package hyperref Info: Hyper figures OFF on input line 4443.
Package hyperref Info: Link nesting OFF on input line 4448.
Package hyperref Info: Hyper index ON on input line 4451.
Package hyperref Info: Plain pages OFF on input line 4458.
Package hyperref Info: Backreferencing OFF on input line 4463.
Package hyperref Info: Implicit mode ON; LaTeX internals redefined.
Package hyperref Info: Bookmarks ON on input line 4688.
\c@Hy@tempcnt=\count96

(/usr/local/texlive/2013/texmf-dist/tex/latex/url/url.sty
\Urlmuskip=\muskip10
Package: url 2006/04/12  ver 3.3  Verb mode for urls, etc.
)
LaTeX Info: Redefining \url on input line 5041.
\XeTeXLinkMargin=\dimen116
\Fld@menulength=\count97
\Field@Width=\dimen117
\Fld@charsize=\dimen118
Package hyperref Info: Hyper figures OFF on input line 6295.
Package hyperref Info: Link nesting OFF on input line 6300.
Package hyperref Info: Hyper index ON on input line 6303.
Package hyperref Info: backreferencing OFF on input line 6310.
Package hyperref Info: Link coloring OFF on input line 6315.
Package hyperref Info: Link coloring with OCG OFF on input line 6320.
Package hyperref Info: PDF/A mode OFF on input line 6325.
LaTeX Info: Redefining \ref on input line 6365.
LaTeX Info: Redefining \pageref on input line 6369.
\Hy@abspage=\count98
\c@Item=\count99
\c@Hfootnote=\count100
)

Package hyperref Message: Driver (autodetected): hpdftex.

(/usr/local/texlive/2013/texmf-dist/tex/latex/hyperref/hpdftex.def
File: hpdftex.def 2012/11/06 v6.83m Hyperref driver for pdfTeX
\Fld@listcount=\count101
\c@bookmark@seq@number=\count102

(/usr/local/texlive/2013/texmf-dist/tex/latex/oberdiek/rerunfilecheck.sty
Package: rerunfilecheck 2011/04/15 v1.7 Rerun checks for auxiliary files (HO)
Package uniquecounter Info: New unique counter `rerunfilecheck' on input line 2
82.
)
\Hy@SectionHShift=\skip43
)
(/usr/local/texlive/2013/texmf-dist/tex/latex/caption/caption.sty
Package: caption 2013/05/02 v3.3-89 Customizing captions (AR)

(/usr/local/texlive/2013/texmf-dist/tex/latex/caption/caption3.sty
Package: caption3 2013/05/02 v1.6-88 caption3 kernel (AR)
Package caption3 Info: TeX engine: e-TeX on input line 57.
\captionmargin=\dimen119
\captionmargin@=\dimen120
\captionwidth=\dimen121
\caption@tempdima=\dimen122
\caption@indent=\dimen123
\caption@parindent=\dimen124
\caption@hangindent=\dimen125
)
\c@ContinuedFloat=\count103
Package caption Info: float package is loaded.
Package caption Info: hyperref package is loaded.
Package caption Info: wrapfig package is loaded.
)
(/usr/local/texlive/2013/texmf-dist/tex/latex/caption/subcaption.sty
Package: subcaption 2013/02/03 v1.1-62 Sub-captions (AR)
\c@subfigure=\count104
\c@subtable=\count105
)
(/usr/local/texlive/2013/texmf-dist/tex/latex/rotating/rotating.sty
Package: rotating 2009/03/28 v2.16a rotated objects in LaTeX

(/usr/local/texlive/2013/texmf-dist/tex/latex/base/ifthen.sty
Package: ifthen 2001/05/26 v1.1c Standard LaTeX ifthen package (DPC)
)
\c@r@tfl@t=\count106
\rotFPtop=\skip44
\rotFPbot=\skip45
\rot@float@box=\box29
\rot@mess@toks=\toks19
)
(/usr/local/texlive/2013/texmf-dist/tex/latex/lipsum/lipsum.sty
Package: lipsum 2011/04/14 v1.2 150 paragraphs of Lorem Ipsum dummy text
\c@lips@count=\count107
)

LaTeX Warning: Unused global option(s):
    [5pt].

(./writeup.aux)
\openout1 = `writeup.aux'.

LaTeX Font Info:    Checking defaults for OML/cmm/m/it on input line 41.
LaTeX Font Info:    ... okay on input line 41.
LaTeX Font Info:    Checking defaults for T1/cmr/m/n on input line 41.
LaTeX Font Info:    ... okay on input line 41.
LaTeX Font Info:    Checking defaults for OT1/cmr/m/n on input line 41.
LaTeX Font Info:    ... okay on input line 41.
LaTeX Font Info:    Checking defaults for OMS/cmsy/m/n on input line 41.
LaTeX Font Info:    ... okay on input line 41.
LaTeX Font Info:    Checking defaults for OMX/cmex/m/n on input line 41.
LaTeX Font Info:    ... okay on input line 41.
LaTeX Font Info:    Checking defaults for U/cmr/m/n on input line 41.
LaTeX Font Info:    ... okay on input line 41.
LaTeX Font Info:    Checking defaults for PD1/pdf/m/n on input line 41.
LaTeX Font Info:    ... okay on input line 41.

*geometry* driver: auto-detecting
*geometry* detected driver: pdftex
*geometry* verbose mode - [ preamble ] result:
* driver: pdftex
* paper: a4paper
* layout: <same size as paper>
* layoutoffset:(h,v)=(0.0pt,0.0pt)
* modes: 
* h-part:(L,W,R)=(89.62709pt, 418.25368pt, 89.6271pt)
* v-part:(T,H,B)=(101.40665pt, 591.5302pt, 152.11pt)
* \paperwidth=597.50787pt
* \paperheight=845.04684pt
* \textwidth=418.25368pt
* \textheight=591.5302pt
* \oddsidemargin=17.3571pt
* \evensidemargin=17.3571pt
* \topmargin=-7.86334pt
* \headheight=12.0pt
* \headsep=25.0pt
* \topskip=10.0pt
* \footskip=30.0pt
* \marginparwidth=65.0pt
* \marginparsep=11.0pt
* \columnsep=10.0pt
* \skip\footins=9.0pt plus 4.0pt minus 2.0pt
* \hoffset=0.0pt
* \voffset=0.0pt
* \mag=1000
* \@twocolumnfalse
* \@twosidefalse
* \@mparswitchfalse
* \@reversemarginfalse
* (1in=72.27pt=25.4mm, 1cm=28.453pt)

(/usr/local/texlive/2013/texmf-dist/tex/context/base/supp-pdf.mkii
[Loading MPS to PDF converter (version 2006.09.02).]
\scratchcounter=\count108
\scratchdimen=\dimen126
\scratchbox=\box30
\nofMPsegments=\count109
\nofMParguments=\count110
\everyMPshowfont=\toks20
\MPscratchCnt=\count111
\MPscratchDim=\dimen127
\MPnumerator=\count112
\makeMPintoPDFobject=\count113
\everyMPtoPDFconversion=\toks21
) (/usr/local/texlive/2013/texmf-dist/tex/latex/oberdiek/epstopdf-base.sty
Package: epstopdf-base 2010/02/09 v2.5 Base part for package epstopdf

(/usr/local/texlive/2013/texmf-dist/tex/latex/oberdiek/grfext.sty
Package: grfext 2010/08/19 v1.1 Manage graphics extensions (HO)
)
Package grfext Info: Graphics extension search list:
(grfext)             [.png,.pdf,.jpg,.mps,.jpeg,.jbig2,.jb2,.PNG,.PDF,.JPG,.JPE
G,.JBIG2,.JB2,.eps]
(grfext)             \AppendGraphicsExtensions on input line 452.

(/usr/local/texlive/2013/texmf-dist/tex/latex/latexconfig/epstopdf-sys.cfg
File: epstopdf-sys.cfg 2010/07/13 v1.3 Configuration of (r)epstopdf for TeX Liv
e
))
\AtBeginShipoutBox=\box31
Package hyperref Info: Link coloring OFF on input line 41.

(/usr/local/texlive/2013/texmf-dist/tex/latex/hyperref/nameref.sty
Package: nameref 2012/10/27 v2.43 Cross-referencing by name of section

(/usr/local/texlive/2013/texmf-dist/tex/generic/oberdiek/gettitlestring.sty
Package: gettitlestring 2010/12/03 v1.4 Cleanup title references (HO)
)
\c@section@level=\count114
)
LaTeX Info: Redefining \ref on input line 41.
LaTeX Info: Redefining \pageref on input line 41.
LaTeX Info: Redefining \nameref on input line 41.

(./writeup.out) (./writeup.out)
\@outlinefile=\write3
\openout3 = `writeup.out'.

Package caption Info: Begin \AtBeginDocument code.
Package caption Info: rotating package is loaded.
Package caption Info: End \AtBeginDocument code.
LaTeX Font Info:    External font `cmex10' loaded for size
(Font)              <7> on input line 69.
LaTeX Font Info:    External font `cmex10' loaded for size
(Font)              <5> on input line 69.
 [1

{/usr/local/texlive/2013/texmf-var/fonts/map/pdftex/updmap/pdftex.map}]
LaTeX Font Info:    Try loading font information for OMS+cmr on input line 87.

(/usr/local/texlive/2013/texmf-dist/tex/latex/base/omscmr.fd
File: omscmr.fd 1999/05/25 v2.5h Standard LaTeX font definitions
)
LaTeX Font Info:    Font shape `OMS/cmr/m/n' in size <10> not available
(Font)              Font shape `OMS/cmsy/m/n' tried instead on input line 87.

Overfull \hbox (29.74287pt too wide) in paragraph at lines 91--92
[][]$\OT1/cmtt/m/n/10 http : / / www . collegetuitioncompare . com / edu / 2316
24 / college-[]of-[]william-[]and-[]mary /
 []

<images/jessica_persona.png, id=71, 613.29124pt x 346.29375pt>
File: images/jessica_persona.png Graphic file (type png)

<use images/jessica_persona.png>
Package pdftex.def Info: images/jessica_persona.png used on input line 119.
(pdftex.def)             Requested size: 418.25368pt x 236.16882pt.
pdfTeX warning (ext4): destination with the same identifier (name{page.1}) has 
been already used, duplicate ignored
<to be read again> 
                   \relax 
l.121 \subsection
                 {Assumptions} [1]
<images/michael_persona.png, id=80, 617.30624pt x 344.28625pt>
File: images/michael_persona.png Graphic file (type png)

<use images/michael_persona.png>
Package pdftex.def Info: images/michael_persona.png used on input line 136.
(pdftex.def)             Requested size: 418.25368pt x 233.27626pt.
 [2 <./images/jessica_persona.png>]
Missing character: There is no ‚ in font cmr10!
Missing character: There is no Ä in font cmr10!
Missing character: There is no ú in font cmr10!
Missing character: There is no ‚ in font cmr10!
Missing character: There is no Ä in font cmr10!
Missing character: There is no ù in font cmr10!
Missing character: There is no ‚ in font cmr10!
Missing character: There is no Ä in font cmr10!
Missing character: There is no ô in font cmr10!

<images/UseCase1.png, id=85, 899.36pt x 383.4325pt>
File: images/UseCase1.png Graphic file (type png)
 <use images/UseCase1.png>
Package pdftex.def Info: images/UseCase1.png used on input line 152.
(pdftex.def)             Requested size: 418.25368pt x 178.31767pt.

Overfull \hbox (6.79999pt too wide) in paragraph at lines 152--153
 [] 
 []

[3 <./images/michael_persona.png>]
Missing character: There is no ‚ in font cmr10!
Missing character: There is no Ä in font cmr10!
Missing character: There is no ô in font cmr10!
Missing character: There is no ‚ in font cmr10!
Missing character: There is no Ä in font cmr10!
Missing character: There is no ô in font cmr10!
Missing character: There is no ‚ in font cmr10!
Missing character: There is no Ä in font cmr10!
Missing character: There is no ô in font cmr10!
Missing character: There is no ‚ in font cmr10!
Missing character: There is no Ä in font cmr10!
Missing character: There is no ô in font cmr10!
 [4 <./images/UseCase1.png>]
Missing character: There is no ‚ in font cmr10!
Missing character: There is no Ä in font cmr10!
Missing character: There is no ô in font cmr10!
Missing character: There is no ‚ in font cmr10!
Missing character: There is no Ä in font cmr10!
Missing character: There is no ô in font cmr10!
Missing character: There is no ‚ in font cmr10!
Missing character: There is no Ä in font cmr10!
Missing character: There is no ô in font cmr10!
Missing character: There is no ‚ in font cmr10!
Missing character: There is no Ä in font cmr10!
Missing character: There is no ô in font cmr10!
 [5]
<images/Topic4Part1.png, id=100, 728.7225pt x 708.6475pt>
File: images/Topic4Part1.png Graphic file (type png)

<use images/Topic4Part1.png>
Package pdftex.def Info: images/Topic4Part1.png used on input line 180.
(pdftex.def)             Requested size: 418.25368pt x 406.72305pt.

Overfull \hbox (6.79999pt too wide) in paragraph at lines 180--181
 [] 
 []

<images/Topic4Part2.png, id=101, 797.98125pt x 715.67375pt>
File: images/Topic4Part2.png Graphic file (type png)

<use images/Topic4Part2.png>
Package pdftex.def Info: images/Topic4Part2.png used on input line 184.
(pdftex.def)             Requested size: 418.25368pt x 375.1119pt.

Overfull \hbox (6.79999pt too wide) in paragraph at lines 184--185
 [] 
 []


LaTeX Warning: `h' float specifier changed to `ht'.

[6 <./images/Topic4Part1.png>]
<images/Topic5Part1.jpg, id=108, 1034.86626pt x 1396.21625pt>
File: images/Topic5Part1.jpg Graphic file (type jpg)

<use images/Topic5Part1.jpg>
Package pdftex.def Info: images/Topic5Part1.jpg used on input line 194.
(pdftex.def)             Requested size: 209.12683pt x 282.13571pt.

Overfull \hbox (6.79999pt too wide) in paragraph at lines 194--195
[][] 
 []

<images/Topic5Part2.jpg, id=109, 786.94pt x 1355.0625pt>
File: images/Topic5Part2.jpg Graphic file (type jpg)

<use images/Topic5Part2.jpg>
Package pdftex.def Info: images/Topic5Part2.jpg used on input line 198.
(pdftex.def)             Requested size: 209.12683pt x 360.10301pt.

Overfull \hbox (6.79999pt too wide) in paragraph at lines 198--199
[][] 
 []


LaTeX Warning: Float too large for page by 103.7084pt on input line 201.


LaTeX Warning: `h' float specifier changed to `ht'.

[7 <./images/Topic4Part2.png>] [8 <./images/Topic5Part1.jpg> <./images/Topic5Pa
rt2.jpg>] [9

] <images/derek1.jpg, id=140, 796.77675pt x 587.91644pt>
File: images/derek1.jpg Graphic file (type jpg)

<use images/derek1.jpg>
Package pdftex.def Info: images/derek1.jpg used on input line 256.
(pdftex.def)             Requested size: 334.60422pt x 246.8963pt.
 <images/derek2.jpg, id=141, 801.83565pt x 612.8496pt>
File: images/derek2.jpg Graphic file (type jpg)

<use images/derek2.jpg>
Package pdftex.def Info: images/derek2.jpg used on input line 262.
(pdftex.def)             Requested size: 334.60422pt x 255.73988pt.


LaTeX Warning: `!h' float specifier changed to `!ht'.

<images/alex1.jpg, id=142, 763.1712pt x 612.1269pt>
File: images/alex1.jpg Graphic file (type jpg)
 <use images/alex1.jpg>
Package pdftex.def Info: images/alex1.jpg used on input line 268.
(pdftex.def)             Requested size: 334.60422pt x 268.38396pt.


LaTeX Warning: `!h' float specifier changed to `!ht'.

<images/alex2.jpg, id=143, 788.4657pt x 507.69675pt>
File: images/alex2.jpg Graphic file (type jpg)
 <use images/alex2.jpg>
Package pdftex.def Info: images/alex2.jpg used on input line 274.
(pdftex.def)             Requested size: 334.60422pt x 215.45451pt.


LaTeX Warning: `!h' float specifier changed to `!ht'.

<images/alex3.jpg, id=144, 733.5405pt x 300.6432pt>
File: images/alex3.jpg Graphic file (type jpg)
 <use images/alex3.jpg>
Package pdftex.def Info: images/alex3.jpg used on input line 280.
(pdftex.def)             Requested size: 334.60422pt x 137.13692pt.


LaTeX Warning: `!h' float specifier changed to `!ht'.

<images/john.jpg, id=145, 771.8436pt x 607.7907pt>
File: images/john.jpg Graphic file (type jpg)
 <use images/john.jpg>
Package pdftex.def Info: images/john.jpg used on input line 286.
(pdftex.def)             Requested size: 334.60422pt x 263.48723pt.


LaTeX Warning: `!h' float specifier changed to `!ht'.

<images/thomas.jpg, id=146, 676.08585pt x 611.04285pt>
File: images/thomas.jpg Graphic file (type jpg)
 <use images/thomas.jpg>
Package pdftex.def Info: images/thomas.jpg used on input line 292.
(pdftex.def)             Requested size: 334.60422pt x 302.41586pt.


LaTeX Warning: `!h' float specifier changed to `!ht'.

[10 <./images/derek1.jpg>] [11 <./images/derek2.jpg>] [12 <./images/alex1.jpg> 
<./images/alex2.jpg>] [13 <./images/alex3.jpg> <./images/john.jpg>] [14 <./imag
es/thomas.jpg>] <images/team1.jpg, id=176, 592.97536pt x 601.2864pt>
File: images/team1.jpg Graphic file (type jpg)

<use images/team1.jpg>
Package pdftex.def Info: images/team1.jpg used on input line 301.
(pdftex.def)             Requested size: 334.60422pt x 339.29622pt.
 <images/team2.jpg, id=177, 605.98395pt x 641.39626pt>
File: images/team2.jpg Graphic file (type jpg)

<use images/team2.jpg>
Package pdftex.def Info: images/team2.jpg used on input line 307.
(pdftex.def)             Requested size: 334.60422pt x 354.15877pt.


LaTeX Warning: `!h' float specifier changed to `!ht'.

<images/team3.jpg, id=178, 537.32745pt x 617.1858pt>
File: images/team3.jpg Graphic file (type jpg)
 <use images/team3.jpg>
Package pdftex.def Info: images/team3.jpg used on input line 313.
(pdftex.def)             Requested size: 334.60422pt x 384.33698pt.


LaTeX Warning: `!h' float specifier changed to `!ht'.

<images/team4.jpg, id=179, 594.7821pt x 757.75095pt>
File: images/team4.jpg Graphic file (type jpg)
 <use images/team4.jpg>
Package pdftex.def Info: images/team4.jpg used on input line 319.
(pdftex.def)             Requested size: 334.60422pt x 426.30324pt.


LaTeX Warning: `!h' float specifier changed to `!ht'.

<images/team5.jpg, id=180, 457.4691pt x 570.2103pt>
File: images/team5.jpg Graphic file (type jpg)
 <use images/team5.jpg>
Package pdftex.def Info: images/team5.jpg used on input line 325.
(pdftex.def)             Requested size: 334.60422pt x 417.08533pt.


LaTeX Warning: `!h' float specifier changed to `!ht'.

<images/team6.jpg, id=181, 582.85754pt x 548.16795pt>
File: images/team6.jpg Graphic file (type jpg)
 <use images/team6.jpg>
Package pdftex.def Info: images/team6.jpg used on input line 331.
(pdftex.def)             Requested size: 334.60422pt x 314.69226pt.


LaTeX Warning: `!h' float specifier changed to `!ht'.

[15

 <./images/team1.jpg>] [16 <./images/team2.jpg>] [17 <./images/team3.jpg>]
[18 <./images/team4.jpg>] [19 <./images/team5.jpg>] [20 <./images/team6.jpg>]
<images/user_journey1.pdf, id=213, 611.40419pt x 797.13808pt>
File: images/user_journey1.pdf Graphic file (type pdf)

<use images/user_journey1.pdf>
Package pdftex.def Info: images/user_journey1.pdf used on input line 340.
(pdftex.def)             Requested size: 334.60422pt x 436.26222pt.

<images/user_journey2.pdf, id=214, 609.95879pt x 797.13808pt>
File: images/user_journey2.pdf Graphic file (type pdf)

<use images/user_journey2.pdf>
Package pdftex.def Info: images/user_journey2.pdf used on input line 346.
(pdftex.def)             Requested size: 334.60422pt x 437.29611pt.


LaTeX Warning: `!h' float specifier changed to `!ht'.

[21

 <./images/user_journey1.pdf>] [22 <./images/user_journey2.pdf>]
Missing character: There is no ‚ in font cmr10!
Missing character: There is no Ä in font cmr10!
Missing character: There is no ô in font cmr10!
Missing character: There is no ‚ in font cmr10!
Missing character: There is no Ä in font cmr10!
Missing character: There is no ú in font cmr10!
Missing character: There is no ‚ in font cmr10!
Missing character: There is no Ä in font cmr10!
Missing character: There is no ù in font cmr10!
Missing character: There is no ‚ in font cmr10!
Missing character: There is no Ä in font cmr10!
Missing character: There is no ò in font cmr10!
Missing character: There is no ‚ in font cmr10!
Missing character: There is no Ä in font cmr10!
Missing character: There is no ô in font cmr10!
Missing character: There is no ‚ in font cmr10!
Missing character: There is no Ä in font cmr10!
Missing character: There is no ò in font cmr10!
Missing character: There is no ‚ in font cmr10!
Missing character: There is no Ä in font cmr10!
Missing character: There is no ô in font cmr10!
Missing character: There is no ‚ in font cmr10!
Missing character: There is no Ä in font cmr10!
Missing character: There is no ò in font cmr10!
Missing character: There is no ‚ in font cmr10!
Missing character: There is no Ä in font cmr10!
Missing character: There is no ô in font cmr10!
Missing character: There is no ‚ in font cmr10!
Missing character: There is no Ä in font cmr10!
Missing character: There is no ô in font cmr10!
 [23

]
Package atveryend Info: Empty hook `BeforeClearDocument' on input line 387.

[24]
Package atveryend Info: Empty hook `AfterLastShipout' on input line 387.
 (./writeup.aux)
Package atveryend Info: Executing hook `AtVeryEndDocument' on input line 387.
Package atveryend Info: Executing hook `AtEndAfterFileList' on input line 387.
Package rerunfilecheck Info: File `writeup.out' has not changed.
(rerunfilecheck)             Checksum: C369D56D2EF6FD9D973EC3A1E3CC00C2;768.
Package atveryend Info: Empty hook `AtVeryVeryEnd' on input line 387.
 ) 
Here is how much of TeX's memory you used:
 7162 strings out of 493315
 109969 string characters out of 6137904
 290358 words of memory out of 5000000
 10464 multiletter control sequences out of 15000+600000
 7481 words of font info for 27 fonts, out of 8000000 for 9000
 957 hyphenation exceptions out of 8191
 36i,9n,38p,742b,524s stack positions out of 5000i,500n,10000p,200000b,80000s
</usr/local/texlive/2013/texmf-dist/fonts/type1/public/amsfonts/cm/cmbx10.pfb
></usr/local/texlive/2013/texmf-dist/fonts/type1/public/amsfonts/cm/cmbx12.pfb>
</usr/local/texlive/2013/texmf-dist/fonts/type1/public/amsfonts/cm/cmcsc10.pfb>
</usr/local/texlive/2013/texmf-dist/fonts/type1/public/amsfonts/cm/cmr10.pfb></
usr/local/texlive/2013/texmf-dist/fonts/type1/public/amsfonts/cm/cmr12.pfb></us
r/local/texlive/2013/texmf-dist/fonts/type1/public/amsfonts/cm/cmr9.pfb></usr/l
ocal/texlive/2013/texmf-dist/fonts/type1/public/amsfonts/cm/cmsy10.pfb></usr/lo
cal/texlive/2013/texmf-dist/fonts/type1/public/amsfonts/cm/cmti12.pfb></usr/loc
al/texlive/2013/texmf-dist/fonts/type1/public/amsfonts/cm/cmtt10.pfb>
Output written on writeup.pdf (25 pages, 9470341 bytes).
PDF statistics:
 290 PDF objects out of 1000 (max. 8388607)
 227 compressed objects within 3 object streams
 76 named destinations out of 1000 (max. 500000)
 223 words of extra memory for PDF output out of 10000 (max. 10000000)

